<?xml version="1.0" encoding="UTF-8"?>
<!-- Generated by org.testng.reporters.JUnitXMLReporter -->
<testsuite ignored="0" hostname="LAPTOP-DOBLN3AU" failures="0" tests="3" name="Default test" time="23.288" errors="0" timestamp="2021-09-15T15:06:53 IST">
  <testcase classname="testNgScripts.BeforeClassDemo" name="clickonViews" time="2.155"/>
  <testcase classname="testNgScripts.BeforeClassDemo" name="Scroll" time="9.563"/>
  <testcase classname="testNgScripts.BeforeClassDemo" name="RatingStars" time="2.842"/>
</testsuite> <!-- Default test -->
