<?xml version="1.0" encoding="UTF-8"?>
<!-- Generated by org.testng.reporters.JUnitXMLReporter -->
<testsuite ignored="0" hostname="LAPTOP-DOBLN3AU" failures="0" tests="3" name="Appiumtest" time="21.729" errors="0" timestamp="16 Sep 2021 05:44:29 GMT">
  <testcase classname="testNgScripts.BeforeClassDemo" name="clickonViews" time="1.813"/>
  <testcase classname="testNgScripts.BeforeClassDemo" name="Scroll" time="9.273"/>
  <testcase classname="testNgScripts.BeforeClassDemo" name="RatingStars" time="2.86"/>
</testsuite> <!-- Appiumtest -->
