<?xml version="1.0" encoding="UTF-8"?>
<testng-results ignored="0" total="3" passed="3" failed="0" skipped="0">
  <reporter-output>
  </reporter-output>
  <suite started-at="2021-09-16T05:44:07Z" name="Suite1" finished-at="2021-09-16T05:44:29Z" duration-ms="21729">
    <groups>
    </groups>
    <test started-at="2021-09-16T05:44:07Z" name="Appiumtest" finished-at="2021-09-16T05:44:29Z" duration-ms="21729">
      <class name="testNgScripts.BeforeClassDemo">
        <test-method is-config="true" signature="startApp()[pri:0, instance:testNgScripts.BeforeClassDemo@5167f57d]" started-at="2021-09-16T05:44:07Z" name="startApp" finished-at="2021-09-16T05:44:15Z" duration-ms="7454" status="PASS">
          <reporter-output>
          </reporter-output>
        </test-method> <!-- startApp -->
        <test-method signature="clickonViews()[pri:49, instance:testNgScripts.BeforeClassDemo@5167f57d]" started-at="2021-09-16T05:44:15Z" name="clickonViews" finished-at="2021-09-16T05:44:17Z" duration-ms="1813" status="PASS">
          <reporter-output>
          </reporter-output>
        </test-method> <!-- clickonViews -->
        <test-method signature="Scroll()[pri:50, instance:testNgScripts.BeforeClassDemo@5167f57d]" started-at="2021-09-16T05:44:17Z" name="Scroll" finished-at="2021-09-16T05:44:26Z" duration-ms="9273" status="PASS">
          <reporter-output>
          </reporter-output>
        </test-method> <!-- Scroll -->
        <test-method signature="RatingStars()[pri:51, instance:testNgScripts.BeforeClassDemo@5167f57d]" started-at="2021-09-16T05:44:26Z" name="RatingStars" finished-at="2021-09-16T05:44:29Z" duration-ms="2860" status="PASS">
          <reporter-output>
          </reporter-output>
        </test-method> <!-- RatingStars -->
        <test-method is-config="true" signature="ClassApp()[pri:0, instance:testNgScripts.BeforeClassDemo@5167f57d]" started-at="2021-09-16T05:44:29Z" name="ClassApp" finished-at="2021-09-16T05:44:29Z" duration-ms="299" status="PASS">
          <reporter-output>
          </reporter-output>
        </test-method> <!-- ClassApp -->
      </class> <!-- testNgScripts.BeforeClassDemo -->
    </test> <!-- Appiumtest -->
  </suite> <!-- Suite1 -->
</testng-results>
