<?xml version="1.0" encoding="UTF-8"?>
<testng-results ignored="0" total="2" passed="2" failed="0" skipped="0">
  <reporter-output>
  </reporter-output>
  <suite started-at="2021-09-16T11:47:58Z" name="testCycle1" finished-at="2021-09-16T11:48:29Z" duration-ms="31221">
    <groups>
    </groups>
    <test started-at="2021-09-16T11:47:58Z" name="RealDevice Test" finished-at="2021-09-16T11:48:26Z" duration-ms="27553">
      <class name="scripts16Sep.RealdeviceTest">
        <test-method signature="RealApiDemos(java.lang.String, java.lang.String, java.lang.String)[pri:0, instance:scripts16Sep.RealdeviceTest@68878f6d]" started-at="2021-09-16T11:47:58Z" name="RealApiDemos" finished-at="2021-09-16T11:48:26Z" duration-ms="27505" status="PASS">
          <params>
            <param index="0">
              <value>
                <![CDATA[96352732140005T]]>
              </value>
            </param>
            <param index="1">
              <value>
                <![CDATA[11]]>
              </value>
            </param>
            <param index="2">
              <value>
                <![CDATA[http://127.0.0.1:4733/wd/hub]]>
              </value>
            </param>
          </params>
          <reporter-output>
          </reporter-output>
        </test-method> <!-- RealApiDemos -->
      </class> <!-- scripts16Sep.RealdeviceTest -->
    </test> <!-- RealDevice Test -->
    <test started-at="2021-09-16T11:47:58Z" name="Emulator Test" finished-at="2021-09-16T11:48:29Z" duration-ms="31221">
      <class name="scripts16Sep.EmulatorTestScript">
        <test-method signature="emulatorApiDemos(java.lang.String, java.lang.String, java.lang.String)[pri:0, instance:scripts16Sep.EmulatorTestScript@15d49048]" started-at="2021-09-16T11:47:58Z" name="emulatorApiDemos" finished-at="2021-09-16T11:48:29Z" duration-ms="31178" status="PASS">
          <params>
            <param index="0">
              <value>
                <![CDATA[Nexus5]]>
              </value>
            </param>
            <param index="1">
              <value>
                <![CDATA[8.1.0]]>
              </value>
            </param>
            <param index="2">
              <value>
                <![CDATA[http://127.0.0.1:4723/wd/hub]]>
              </value>
            </param>
          </params>
          <reporter-output>
          </reporter-output>
        </test-method> <!-- emulatorApiDemos -->
      </class> <!-- scripts16Sep.EmulatorTestScript -->
    </test> <!-- Emulator Test -->
  </suite> <!-- testCycle1 -->
</testng-results>
