<?xml version="1.0" encoding="UTF-8"?>
<testsuite xmlns:xsi="http://www.w3.org/2001/XMLSchema-instance" xsi:noNamespaceSchemaLocation="https://maven.apache.org/surefire/maven-surefire-plugin/xsd/surefire-test-report.xsd" name="TestSuite" time="23.181" tests="3" errors="0" skipped="0" failures="0">
  <properties>
[...]
</properties>
  <testcase name="clickonViews" classname="testNgScripts.BeforeClassDemo" time="1.815"/>
  <testcase name="Scroll" classname="testNgScripts.BeforeClassDemo" time="9.271"/>
  <testcase name="RatingStars" classname="testNgScripts.BeforeClassDemo" time="2.861"/>
</testsuite>