<?xml version="1.0" encoding="UTF-8"?>
<testng-results ignored="0" total="2" passed="2" failed="0" skipped="0">
  <reporter-output>
  </reporter-output>
  <suite started-at="2021-09-16T14:35:21 IST" name="testCycle1" finished-at="2021-09-16T14:35:47 IST" duration-ms="25329">
    <groups>
    </groups>
    <test started-at="2021-09-16T14:35:21 IST" name="RealDevice Test" finished-at="2021-09-16T14:35:46 IST" duration-ms="24833">
      <class name="scripts16Sep.RealdeviceTest">
        <test-method signature="RealApiDemos(java.lang.String,java.lang.String,java.lang.String)[pri:0, instance:scripts16Sep.RealdeviceTest@593aaf41]" started-at="2021-09-16T14:35:22 IST" name="RealApiDemos" finished-at="2021-09-16T14:35:46 IST" duration-ms="24734" status="PASS">
          <params>
            <param index="0">
              <value>
                <![CDATA[96352732140005T]]>
              </value>
            </param>
            <param index="1">
              <value>
                <![CDATA[11]]>
              </value>
            </param>
            <param index="2">
              <value>
                <![CDATA[http://127.0.0.1:4733/wd/hub]]>
              </value>
            </param>
          </params>
          <reporter-output>
          </reporter-output>
        </test-method> <!-- RealApiDemos -->
      </class> <!-- scripts16Sep.RealdeviceTest -->
    </test> <!-- RealDevice Test -->
    <test started-at="2021-09-16T14:35:21 IST" name="Emulator Test" finished-at="2021-09-16T14:35:47 IST" duration-ms="25329">
      <class name="scripts16Sep.EmulatorTestScript">
        <test-method signature="emulatorApiDemos(java.lang.String,java.lang.String,java.lang.String)[pri:0, instance:scripts16Sep.EmulatorTestScript@2df9b86]" started-at="2021-09-16T14:35:22 IST" name="emulatorApiDemos" finished-at="2021-09-16T14:35:47 IST" duration-ms="25266" status="PASS">
          <params>
            <param index="0">
              <value>
                <![CDATA[Nexus5]]>
              </value>
            </param>
            <param index="1">
              <value>
                <![CDATA[8.1.0]]>
              </value>
            </param>
            <param index="2">
              <value>
                <![CDATA[http://127.0.0.1:4723/wd/hub]]>
              </value>
            </param>
          </params>
          <reporter-output>
          </reporter-output>
        </test-method> <!-- emulatorApiDemos -->
      </class> <!-- scripts16Sep.EmulatorTestScript -->
    </test> <!-- Emulator Test -->
  </suite> <!-- testCycle1 -->
</testng-results>
